[14Jul2025 17:53:55.255] [main/INFO] [cpw.mods.modlauncher.Launcher/MODLAUNCHER]: ModLauncher running: args [--launchTarget, forgedatadev, --assetIndex, 17, --assetsDir, C:\\Users\\umfhe\\.gradle\\caches\\neoformruntime\\assets, --gameDir, ., --fml.fmlVersion, 4.0.39, --fml.mcVersion, 1.21.1, --fml.neoForgeVersion, 21.1.172, --fml.neoFormVersion, 20240808.144430, --mod, woodmek, --all, --output, C:\A - Main PC\A - My Personal Projects\A - Coding Projects\A - WoodMek (NeoForge) 1.21.1\WoodMek\src\generated\resources, --existing, C:\A - Main PC\A - My Personal Projects\A - Coding Projects\A - WoodMek (NeoForge) 1.21.1\WoodMek\src\main\resources]
[14Jul2025 17:53:55.260] [main/INFO] [cpw.mods.modlauncher.Launcher/MODLAUNCHER]: JVM identified as Eclipse Adoptium OpenJDK 64-Bit Server VM 21.0.7+6-LTS
[14Jul2025 17:53:55.261] [main/INFO] [cpw.mods.modlauncher.Launcher/MODLAUNCHER]: ModLauncher 11.0.4+main.d2e20e43 starting: java version 21.0.7 by Eclipse Adoptium; OS Windows 11 arch amd64 version 10.0
[14Jul2025 17:53:55.383] [main/INFO] [net.neoforged.fml.loading.ImmediateWindowHandler/]: ImmediateWindowProvider not loading because launch target is forgedatadev
[14Jul2025 17:53:55.427] [main/INFO] [mixin/]: SpongePowered MIXIN Subsystem Version=0.8.7 Source=union:/C:/Users/umfhe/.gradle/caches/modules-2/files-2.1/net.fabricmc/sponge-mixin/0.15.2+mixin.0.8.7/2af2f021d8e02a0220dc27a7a72b4666d66d44ca/sponge-mixin-0.15.2+mixin.0.8.7.jar%23138!/ Service=ModLauncher Env=CLIENT
[14Jul2025 17:53:55.655] [main/INFO] [net.neoforged.fml.loading.moddiscovery.locators.JarInJarDependencyLocator/]: Found 2 dependencies adding them to mods collection
[14Jul2025 17:53:55.656] [main/INFO] [net.neoforged.fml.loading.moddiscovery.ModDiscoverer/]: 
     Mod List:
		Name Version (Mod Id)

		Mekanism 10.6.7 (mekanism)
		Mekanism: Additions 10.6.7 (mekanismadditions)
		Mekanism: Generators 10.6.7 (mekanismgenerators)
		Mekanism: Tools 10.6.7 (mekanismtools)
		Minecraft 1.21.1 (minecraft)
		NeoForge 21.1.172 (neoforge)
		WoodMek 9.0.0 (woodmek)
[14Jul2025 17:53:56.378] [main/INFO] [cpw.mods.modlauncher.LaunchServiceHandler/MODLAUNCHER]: Launching target 'forgedatadev' with arguments [--gameDir, ., --assetsDir, C:\Users\umfhe\.gradle\caches\neoformruntime\assets, --assetIndex, 17, --mod, woodmek, --all, --output, C:\A - Main PC\A - My Personal Projects\A - Coding Projects\A - WoodMek (NeoForge) 1.21.1\WoodMek\src\generated\resources, --existing, C:\A - Main PC\A - My Personal Projects\A - Coding Projects\A - WoodMek (NeoForge) 1.21.1\WoodMek\src\main\resources]
[14Jul2025 17:53:57.190] [main/INFO] [net.neoforged.neoforge.data.loading.DatagenModLoader/]: Initializing Data Gatherer for mods [woodmek]
[14Jul2025 17:53:57.212] [main/INFO] [MixinExtras|Service/]: Initializing MixinExtras via com.llamalad7.mixinextras.service.MixinExtrasServiceImpl(version=0.4.1).
[14Jul2025 17:54:01.796] [modloading-worker-0/INFO] [net.neoforged.neoforge.common.NeoForgeMod/NEOFORGE-MOD]: NeoForge mod loading, version 21.1.172, for MC 1.21.1
[14Jul2025 17:54:03.768] [main/WARN] [net.minecraft.server.packs.VanillaPackResourcesBuilder/]: Assets URL 'union:/C:/A%20-%20Main%20PC/A%20-%20My%20Personal%20Projects/A%20-%20Coding%20Projects/A%20-%20WoodMek%20(NeoForge)%201.21.1/WoodMek/build/moddev/artifacts/neoforge-21.1.172-minecraft.jar%23189!/assets/.mcassetsroot' uses unexpected schema
[14Jul2025 17:54:03.768] [main/WARN] [net.minecraft.server.packs.VanillaPackResourcesBuilder/]: Assets URL 'union:/C:/A%20-%20Main%20PC/A%20-%20My%20Personal%20Projects/A%20-%20Coding%20Projects/A%20-%20WoodMek%20(NeoForge)%201.21.1/WoodMek/build/moddev/artifacts/neoforge-21.1.172-minecraft.jar%23189!/data/.mcassetsroot' uses unexpected schema
[14Jul2025 17:54:04.115] [main/INFO] [net.minecraft.data.DataGenerator/]: Starting provider: Loot Tables
